<?xml version="1.0" encoding="UTF-8"?>
<!-- Generated by org.testng.reporters.JUnitXMLReporter -->
<testsuite hostname="EPUALVIW0697" name="Command line test" tests="4" failures="0" timestamp="25 Jan 2018 12:04:41 GMT" time="20.944" errors="0">
  <testcase name="checkInventory" time="1.688" classname="simpleTests.StoreTest"/>
  <testcase name="createOrder" time="2.341" classname="simpleTests.StoreTest"/>
  <testcase name="createNewUsersWithArray" time="7.427" classname="simpleTests.UsersTest"/>
  <testcase name="createNewUsersWithList" time="9.455" classname="simpleTests.UsersTest"/>
</testsuite> <!-- Command line test -->
