<?xml version="1.0" encoding="UTF-8"?>
<testng-results skipped="0" failed="0" total="4" passed="4">
  <reporter-output>
  </reporter-output>
  <suite name="Command line suite" duration-ms="20944" started-at="2018-01-25T12:04:20Z" finished-at="2018-01-25T12:04:41Z">
    <groups>
    </groups>
    <test name="Command line test" duration-ms="20944" started-at="2018-01-25T12:04:20Z" finished-at="2018-01-25T12:04:41Z">
      <class name="simpleTests.StoreTest">
        <test-method status="PASS" signature="checkInventory()[pri:0, instance:simpleTests.StoreTest@146e1f4]" name="checkInventory" duration-ms="1688" started-at="2018-01-25T14:04:20Z" description="Get store inventory" finished-at="2018-01-25T14:04:22Z">
          <reporter-output>
          </reporter-output>
        </test-method> <!-- checkInventory -->
        <test-method status="PASS" signature="createOrder()[pri:0, instance:simpleTests.StoreTest@146e1f4]" name="createOrder" duration-ms="2341" started-at="2018-01-25T14:04:22Z" description="Create order and delete it" finished-at="2018-01-25T14:04:24Z">
          <reporter-output>
          </reporter-output>
        </test-method> <!-- createOrder -->
      </class> <!-- simpleTests.StoreTest -->
      <class name="simpleTests.UsersTest">
        <test-method status="PASS" signature="createUsers()[pri:0, instance:simpleTests.UsersTest@756e4d]" name="createUsers" is-config="true" duration-ms="16" started-at="2018-01-25T14:04:20Z" finished-at="2018-01-25T14:04:20Z">
          <reporter-output>
          </reporter-output>
        </test-method> <!-- createUsers -->
        <test-method status="PASS" signature="createNewUsersWithArray()[pri:0, instance:simpleTests.UsersTest@756e4d]" name="createNewUsersWithArray" duration-ms="7427" started-at="2018-01-25T14:04:24Z" description="Create and delete users from array" finished-at="2018-01-25T14:04:31Z">
          <reporter-output>
          </reporter-output>
        </test-method> <!-- createNewUsersWithArray -->
        <test-method status="PASS" signature="createNewUsersWithList()[pri:0, instance:simpleTests.UsersTest@756e4d]" name="createNewUsersWithList" duration-ms="9455" started-at="2018-01-25T14:04:31Z" description="Create and delete users from list" finished-at="2018-01-25T14:04:41Z">
          <reporter-output>
          </reporter-output>
        </test-method> <!-- createNewUsersWithList -->
      </class> <!-- simpleTests.UsersTest -->
    </test> <!-- Command line test -->
  </suite> <!-- Command line suite -->
</testng-results>
