<?xml version="1.0" encoding="UTF-8"?>
<testsuite xmlns:xsi="http://www.w3.org/2001/XMLSchema-instance" xsi:schemaLocation="https://maven.apache.org/surefire/maven-surefire-plugin/xsd/surefire-test-report.xsd" name="TestSuite" time="67.25" tests="13" errors="0" skipped="0" failures="1">
  <properties>
[...]
</properties>
  <testcase name="nonExistFunctionFailTest" classname="simpleTests.FallTest" time="1.624">
    <failure message="get non-existent function" type="exeptions.BaseException"><![CDATA[exeptions.BaseException: get non-existent function
	at simpleTests.FallTest.nonExistFunctionFailTest(FallTest.java:28)
Caused by: java.lang.AssertionError: 
1 expectation failed.
Expected status code <200> doesn't match actual status code <404>.

	at simpleTests.FallTest.nonExistFunctionFailTest(FallTest.java:28)
]]></failure>
    <system-out><![CDATA[12:41:29,862  INFO TestClient:<init>:17 - connecting to http://petstore.swagger.io/v2/test
12:41:29,947  INFO TestBO:callNonExistentFunction:25 - start calling non-existent function
12:41:29,947  INFO TestClient:nonExistentFunction:22 - send request non-existent function
Request path:	http://petstore.swagger.io/v2/test
Request method:	GET
Response body: 
{
    "code": 404,
    "type": "unknown",
    "message": "null for uri: http://petstore.swagger.io/v2/test"
}
12:41:31,450 ERROR TestBO:callNonExistentFunction:31 - non-existent function can't be got
]]></system-out>
    <system-err><![CDATA[SLF4J: Failed to load class "org.slf4j.impl.StaticLoggerBinder".
SLF4J: Defaulting to no-operation (NOP) logger implementation
SLF4J: See http://www.slf4j.org/codes.html#StaticLoggerBinder for further details.
Ran out of memory creating debug info for an error
java.lang.OutOfMemoryError: Java heap space
	at java.util.HashMap.newNode(HashMap.java:1742)
	at java.util.HashMap.putVal(HashMap.java:630)
	at java.util.HashMap.put(HashMap.java:611)
	at java.util.HashSet.add(HashSet.java:219)
	at org.aspectj.apache.bcel.generic.InstructionHandle.addTargeter(InstructionHandle.java:161)
	at org.aspectj.apache.bcel.generic.MethodGen.<init>(MethodGen.java:300)
	at org.aspectj.weaver.bcel.LazyMethodGen.initialize(LazyMethodGen.java:372)
	at org.aspectj.weaver.bcel.LazyMethodGen.markAsChanged(LazyMethodGen.java:540)
	at org.aspectj.weaver.bcel.LazyMethodGen.getBody(LazyMethodGen.java:929)
	at org.aspectj.weaver.bcel.BcelShadow.makeShadowForMethod(BcelShadow.java:679)
	at org.aspectj.weaver.bcel.BcelShadow.makeMethodExecution(BcelShadow.java:675)
	at org.aspectj.weaver.bcel.BcelShadow.makeMethodExecution(BcelShadow.java:655)
	at org.aspectj.weaver.bcel.BcelClassWeaver.match(BcelClassWeaver.java:2664)
	at org.aspectj.weaver.bcel.BcelClassWeaver.weave(BcelClassWeaver.java:480)
	at org.aspectj.weaver.bcel.BcelClassWeaver.weave(BcelClassWeaver.java:100)
	at org.aspectj.weaver.bcel.BcelWeaver.weave(BcelWeaver.java:1700)
	at org.aspectj.weaver.bcel.BcelWeaver.weaveWithoutDump(BcelWeaver.java:1644)
	at org.aspectj.weaver.bcel.BcelWeaver.weaveAndNotify(BcelWeaver.java:1409)
	at org.aspectj.weaver.bcel.BcelWeaver.weave(BcelWeaver.java:1191)
	at org.aspectj.weaver.tools.WeavingAdaptor.getWovenBytes(WeavingAdaptor.java:527)
	at org.aspectj.weaver.tools.WeavingAdaptor.weaveClass(WeavingAdaptor.java:363)
	at org.aspectj.weaver.loadtime.Aj.preProcess(Aj.java:121)
	at org.aspectj.weaver.loadtime.ClassPreProcessorAgentAdapter.transform(ClassPreProcessorAgentAdapter.java:54)
	at sun.instrument.TransformerManager.transform(TransformerManager.java:188)
	at sun.instrument.InstrumentationImpl.transform(InstrumentationImpl.java:428)
	at java.lang.ClassLoader.defineClass1(Native Method)
	at java.lang.ClassLoader.defineClass(ClassLoader.java:763)
	at java.security.SecureClassLoader.defineClass(SecureClassLoader.java:142)
	at java.net.URLClassLoader.defineClass(URLClassLoader.java:467)
	at java.net.URLClassLoader.access$100(URLClassLoader.java:73)
	at java.net.URLClassLoader$1.run(URLClassLoader.java:368)
	at java.net.URLClassLoader$1.run(URLClassLoader.java:362)
Jan 31, 2018 12:41:29 PM org.aspectj.weaver.tools.Jdk14Trace error
SEVERE: org/codehaus/groovy/runtime/ArrayUtil
java.lang.OutOfMemoryError: Java heap space
	at java.util.HashMap.newNode(HashMap.java:1742)
	at java.util.HashMap.putVal(HashMap.java:630)
	at java.util.HashMap.put(HashMap.java:611)
	at java.util.HashSet.add(HashSet.java:219)
	at org.aspectj.apache.bcel.generic.InstructionHandle.addTargeter(InstructionHandle.java:161)
	at org.aspectj.apache.bcel.generic.MethodGen.<init>(MethodGen.java:300)
	at org.aspectj.weaver.bcel.LazyMethodGen.initialize(LazyMethodGen.java:372)
	at org.aspectj.weaver.bcel.LazyMethodGen.markAsChanged(LazyMethodGen.java:540)
	at org.aspectj.weaver.bcel.LazyMethodGen.getBody(LazyMethodGen.java:929)
	at org.aspectj.weaver.bcel.BcelShadow.makeShadowForMethod(BcelShadow.java:679)
	at org.aspectj.weaver.bcel.BcelShadow.makeMethodExecution(BcelShadow.java:675)
	at org.aspectj.weaver.bcel.BcelShadow.makeMethodExecution(BcelShadow.java:655)
	at org.aspectj.weaver.bcel.BcelClassWeaver.match(BcelClassWeaver.java:2664)
	at org.aspectj.weaver.bcel.BcelClassWeaver.weave(BcelClassWeaver.java:480)
	at org.aspectj.weaver.bcel.BcelClassWeaver.weave(BcelClassWeaver.java:100)
	at org.aspectj.weaver.bcel.BcelWeaver.weave(BcelWeaver.java:1700)
	at org.aspectj.weaver.bcel.BcelWeaver.weaveWithoutDump(BcelWeaver.java:1644)
	at org.aspectj.weaver.bcel.BcelWeaver.weaveAndNotify(BcelWeaver.java:1409)
	at org.aspectj.weaver.bcel.BcelWeaver.weave(BcelWeaver.java:1191)
	at org.aspectj.weaver.tools.WeavingAdaptor.getWovenBytes(WeavingAdaptor.java:527)
	at org.aspectj.weaver.tools.WeavingAdaptor.weaveClass(WeavingAdaptor.java:363)
	at org.aspectj.weaver.loadtime.Aj.preProcess(Aj.java:121)
	at org.aspectj.weaver.loadtime.ClassPreProcessorAgentAdapter.transform(ClassPreProcessorAgentAdapter.java:54)
	at sun.instrument.TransformerManager.transform(TransformerManager.java:188)
	at sun.instrument.InstrumentationImpl.transform(InstrumentationImpl.java:428)
	at java.lang.ClassLoader.defineClass1(Native Method)
	at java.lang.ClassLoader.defineClass(ClassLoader.java:763)
	at java.security.SecureClassLoader.defineClass(SecureClassLoader.java:142)
	at java.net.URLClassLoader.defineClass(URLClassLoader.java:467)
	at java.net.URLClassLoader.access$100(URLClassLoader.java:73)
	at java.net.URLClassLoader$1.run(URLClassLoader.java:368)
	at java.net.URLClassLoader$1.run(URLClassLoader.java:362)

Jan 31, 2018 12:41:29 PM org.aspectj.weaver.tools.Jdk14Trace info
INFO: Dumping to D:\Project\EducationProgect\.\ajcore.20180131.124129.577.txt
Jan 31, 2018 12:41:29 PM org.aspectj.weaver.tools.Jdk14Trace info
INFO: Dumping to D:\Project\EducationProgect\.\ajcore.20180131.124129.662.txt
]]></system-err>
  </testcase>
  <testcase name="getPets" classname="simpleTests.PetTests" time="10.685"/>
  <testcase name="simplePet" classname="simpleTests.PetTests" time="1.95"/>
  <testcase name="updatePet" classname="simpleTests.PetTests" time="2.238"/>
  <testcase name="updatePetStatus" classname="simpleTests.PetTests" time="2.518"/>
  <testcase name="uploadPetPhoto" classname="simpleTests.PetTests" time="2.689"/>
  <testcase name="checkInventory" classname="simpleTests.StoreTest" time="0.699"/>
  <testcase name="createOrder" classname="simpleTests.StoreTest" time="1.769"/>
  <testcase name="createNewUsersWithArray" classname="simpleTests.UsersTest" time="5.786"/>
  <testcase name="createNewUsersWithList" classname="simpleTests.UsersTest" time="6.066"/>
  <testcase name="login" classname="simpleTests.UserTests" time="3.201"/>
  <testcase name="simpleUser" classname="simpleTests.UserTests" time="2.467"/>
  <testcase name="updateUser" classname="simpleTests.UserTests" time="3.884"/>
</testsuite>