<?xml version="1.0" encoding="UTF-8"?>
<testsuite xmlns:xsi="http://www.w3.org/2001/XMLSchema-instance" xsi:schemaLocation="https://maven.apache.org/surefire/maven-surefire-plugin/xsd/surefire-test-report.xsd" name="TestSuite" time="67.25" tests="13" errors="0" skipped="0" failures="1">
  <properties>
    <property name="idea.version" value="2017.2.2"/>
    <property name="java.runtime.name" value="Java(TM) SE Runtime Environment"/>
    <property name="sun.boot.library.path" value="C:\Program Files (x86)\Java\jdk1.8.0_144\jre\bin"/>
    <property name="java.vm.version" value="25.144-b01"/>
    <property name="java.vm.vendor" value="Oracle Corporation"/>
    <property name="maven.multiModuleProjectDirectory" value="D:\Project\EducationProgect"/>
    <property name="java.vendor.url" value="http://java.oracle.com/"/>
    <property name="path.separator" value=";"/>
    <property name="guice.disable.misplaced.annotation.check" value="true"/>
    <property name="java.vm.name" value="Java HotSpot(TM) Client VM"/>
    <property name="file.encoding.pkg" value="sun.io"/>
    <property name="user.script" value=""/>
    <property name="user.country" value="US"/>
    <property name="sun.java.launcher" value="SUN_STANDARD"/>
    <property name="sun.os.patch.level" value=""/>
    <property name="java.vm.specification.name" value="Java Virtual Machine Specification"/>
    <property name="user.dir" value="D:\Project\EducationProgect"/>
    <property name="java.runtime.version" value="1.8.0_144-b01"/>
    <property name="java.awt.graphicsenv" value="sun.awt.Win32GraphicsEnvironment"/>
    <property name="java.endorsed.dirs" value="C:\Program Files (x86)\Java\jdk1.8.0_144\jre\lib\endorsed"/>
    <property name="os.arch" value="x86"/>
    <property name="java.io.tmpdir" value="C:\Users\OLGA_K~1\AppData\Local\Temp\"/>
    <property name="line.separator" value="&#10;"/>
    <property name="java.vm.specification.vendor" value="Oracle Corporation"/>
    <property name="user.variant" value=""/>
    <property name="os.name" value="Windows 10"/>
    <property name="classworlds.conf" value="C:\Program Files\JetBrains\IntelliJ IDEA Community Edition 2017.2.2\plugins\maven\lib\maven3\bin\m2.conf"/>
    <property name="sun.jnu.encoding" value="Cp1251"/>
    <property name="java.library.path" value="C:\Program Files (x86)\Java\jdk1.8.0_144\bin;C:\WINDOWS\Sun\Java\bin;C:\WINDOWS\system32;C:\WINDOWS;C:\ProgramData\Oracle\Java\javapath;C:\WINDOWS\system32;C:\WINDOWS;C:\WINDOWS\System32\Wbem;C:\WINDOWS\System32\WindowsPowerShell\v1.0\;C:\Program Files\TortoiseSVN\bin;C:\Gradle\gradle-4.1\bin;C:\Program Files\Git\cmd;C:\Program Files\Git\bin;C:\Users\Olga_Kondratenko\AppData\Local\Microsoft\WindowsApps;;."/>
    <property name="java.specification.name" value="Java Platform API Specification"/>
    <property name="java.class.version" value="52.0"/>
    <property name="sun.management.compiler" value="HotSpot Client Compiler"/>
    <property name="os.version" value="10.0"/>
    <property name="user.home" value="C:\Users\Olga_Kondratenko"/>
    <property name="user.timezone" value="Europe/Helsinki"/>
    <property name="java.awt.printerjob" value="sun.awt.windows.WPrinterJob"/>
    <property name="java.specification.version" value="1.8"/>
    <property name="file.encoding" value="UTF-8"/>
    <property name="user.name" value="Olga_Kondratenko"/>
    <property name="java.class.path" value="C:\Program Files\JetBrains\IntelliJ IDEA Community Edition 2017.2.2\plugins\maven\lib\maven3\boot\plexus-classworlds-2.5.2.jar;C:\Program Files\JetBrains\IntelliJ IDEA Community Edition 2017.2.2\lib\idea_rt.jar"/>
    <property name="java.vm.specification.version" value="1.8"/>
    <property name="sun.arch.data.model" value="32"/>
    <property name="java.home" value="C:\Program Files (x86)\Java\jdk1.8.0_144\jre"/>
    <property name="sun.java.command" value="org.codehaus.classworlds.Launcher -Didea.version=2017.2.2 test"/>
    <property name="java.specification.vendor" value="Oracle Corporation"/>
    <property name="user.language" value="en"/>
    <property name="awt.toolkit" value="sun.awt.windows.WToolkit"/>
    <property name="java.vm.info" value="mixed mode"/>
    <property name="java.version" value="1.8.0_144"/>
    <property name="java.ext.dirs" value="C:\Program Files (x86)\Java\jdk1.8.0_144\jre\lib\ext;C:\WINDOWS\Sun\Java\lib\ext"/>
    <property name="sun.boot.class.path" value="C:\Program Files (x86)\Java\jdk1.8.0_144\jre\lib\resources.jar;C:\Program Files (x86)\Java\jdk1.8.0_144\jre\lib\rt.jar;C:\Program Files (x86)\Java\jdk1.8.0_144\jre\lib\sunrsasign.jar;C:\Program Files (x86)\Java\jdk1.8.0_144\jre\lib\jsse.jar;C:\Program Files (x86)\Java\jdk1.8.0_144\jre\lib\jce.jar;C:\Program Files (x86)\Java\jdk1.8.0_144\jre\lib\charsets.jar;C:\Program Files (x86)\Java\jdk1.8.0_144\jre\lib\jfr.jar;C:\Program Files (x86)\Java\jdk1.8.0_144\jre\classes"/>
    <property name="java.vendor" value="Oracle Corporation"/>
    <property name="maven.home" value="C:\Program Files\JetBrains\IntelliJ IDEA Community Edition 2017.2.2\plugins\maven\lib\maven3"/>
    <property name="file.separator" value="\"/>
    <property name="java.vendor.url.bug" value="http://bugreport.sun.com/bugreport/"/>
    <property name="sun.cpu.endian" value="little"/>
    <property name="sun.io.unicode.encoding" value="UnicodeLittle"/>
    <property name="sun.desktop" value="windows"/>
    <property name="sun.cpu.isalist" value="pentium_pro+mmx pentium_pro pentium+mmx pentium i486 i386 i86"/>
  </properties>
  <testcase name="nonExistFunctionFailTest" classname="simpleTests.FallTest" time="1.624">
    <failure message="get non-existent function" type="exeptions.BaseException"><![CDATA[exeptions.BaseException: get non-existent function
	at simpleTests.FallTest.nonExistFunctionFailTest(FallTest.java:28)
Caused by: java.lang.AssertionError: 
1 expectation failed.
Expected status code <200> doesn't match actual status code <404>.

	at simpleTests.FallTest.nonExistFunctionFailTest(FallTest.java:28)
]]></failure>
    <system-out><![CDATA[12:41:29,862  INFO TestClient:<init>:17 - connecting to http://petstore.swagger.io/v2/test
12:41:29,947  INFO TestBO:callNonExistentFunction:25 - start calling non-existent function
12:41:29,947  INFO TestClient:nonExistentFunction:22 - send request non-existent function
Request path:	http://petstore.swagger.io/v2/test
Request method:	GET
Response body: 
{
    "code": 404,
    "type": "unknown",
    "message": "null for uri: http://petstore.swagger.io/v2/test"
}
12:41:31,450 ERROR TestBO:callNonExistentFunction:31 - non-existent function can't be got
]]></system-out>
    <system-err><![CDATA[SLF4J: Failed to load class "org.slf4j.impl.StaticLoggerBinder".
SLF4J: Defaulting to no-operation (NOP) logger implementation
SLF4J: See http://www.slf4j.org/codes.html#StaticLoggerBinder for further details.
Ran out of memory creating debug info for an error
java.lang.OutOfMemoryError: Java heap space
	at java.util.HashMap.newNode(HashMap.java:1742)
	at java.util.HashMap.putVal(HashMap.java:630)
	at java.util.HashMap.put(HashMap.java:611)
	at java.util.HashSet.add(HashSet.java:219)
	at org.aspectj.apache.bcel.generic.InstructionHandle.addTargeter(InstructionHandle.java:161)
	at org.aspectj.apache.bcel.generic.MethodGen.<init>(MethodGen.java:300)
	at org.aspectj.weaver.bcel.LazyMethodGen.initialize(LazyMethodGen.java:372)
	at org.aspectj.weaver.bcel.LazyMethodGen.markAsChanged(LazyMethodGen.java:540)
	at org.aspectj.weaver.bcel.LazyMethodGen.getBody(LazyMethodGen.java:929)
	at org.aspectj.weaver.bcel.BcelShadow.makeShadowForMethod(BcelShadow.java:679)
	at org.aspectj.weaver.bcel.BcelShadow.makeMethodExecution(BcelShadow.java:675)
	at org.aspectj.weaver.bcel.BcelShadow.makeMethodExecution(BcelShadow.java:655)
	at org.aspectj.weaver.bcel.BcelClassWeaver.match(BcelClassWeaver.java:2664)
	at org.aspectj.weaver.bcel.BcelClassWeaver.weave(BcelClassWeaver.java:480)
	at org.aspectj.weaver.bcel.BcelClassWeaver.weave(BcelClassWeaver.java:100)
	at org.aspectj.weaver.bcel.BcelWeaver.weave(BcelWeaver.java:1700)
	at org.aspectj.weaver.bcel.BcelWeaver.weaveWithoutDump(BcelWeaver.java:1644)
	at org.aspectj.weaver.bcel.BcelWeaver.weaveAndNotify(BcelWeaver.java:1409)
	at org.aspectj.weaver.bcel.BcelWeaver.weave(BcelWeaver.java:1191)
	at org.aspectj.weaver.tools.WeavingAdaptor.getWovenBytes(WeavingAdaptor.java:527)
	at org.aspectj.weaver.tools.WeavingAdaptor.weaveClass(WeavingAdaptor.java:363)
	at org.aspectj.weaver.loadtime.Aj.preProcess(Aj.java:121)
	at org.aspectj.weaver.loadtime.ClassPreProcessorAgentAdapter.transform(ClassPreProcessorAgentAdapter.java:54)
	at sun.instrument.TransformerManager.transform(TransformerManager.java:188)
	at sun.instrument.InstrumentationImpl.transform(InstrumentationImpl.java:428)
	at java.lang.ClassLoader.defineClass1(Native Method)
	at java.lang.ClassLoader.defineClass(ClassLoader.java:763)
	at java.security.SecureClassLoader.defineClass(SecureClassLoader.java:142)
	at java.net.URLClassLoader.defineClass(URLClassLoader.java:467)
	at java.net.URLClassLoader.access$100(URLClassLoader.java:73)
	at java.net.URLClassLoader$1.run(URLClassLoader.java:368)
	at java.net.URLClassLoader$1.run(URLClassLoader.java:362)
Jan 31, 2018 12:41:29 PM org.aspectj.weaver.tools.Jdk14Trace error
SEVERE: org/codehaus/groovy/runtime/ArrayUtil
java.lang.OutOfMemoryError: Java heap space
	at java.util.HashMap.newNode(HashMap.java:1742)
	at java.util.HashMap.putVal(HashMap.java:630)
	at java.util.HashMap.put(HashMap.java:611)
	at java.util.HashSet.add(HashSet.java:219)
	at org.aspectj.apache.bcel.generic.InstructionHandle.addTargeter(InstructionHandle.java:161)
	at org.aspectj.apache.bcel.generic.MethodGen.<init>(MethodGen.java:300)
	at org.aspectj.weaver.bcel.LazyMethodGen.initialize(LazyMethodGen.java:372)
	at org.aspectj.weaver.bcel.LazyMethodGen.markAsChanged(LazyMethodGen.java:540)
	at org.aspectj.weaver.bcel.LazyMethodGen.getBody(LazyMethodGen.java:929)
	at org.aspectj.weaver.bcel.BcelShadow.makeShadowForMethod(BcelShadow.java:679)
	at org.aspectj.weaver.bcel.BcelShadow.makeMethodExecution(BcelShadow.java:675)
	at org.aspectj.weaver.bcel.BcelShadow.makeMethodExecution(BcelShadow.java:655)
	at org.aspectj.weaver.bcel.BcelClassWeaver.match(BcelClassWeaver.java:2664)
	at org.aspectj.weaver.bcel.BcelClassWeaver.weave(BcelClassWeaver.java:480)
	at org.aspectj.weaver.bcel.BcelClassWeaver.weave(BcelClassWeaver.java:100)
	at org.aspectj.weaver.bcel.BcelWeaver.weave(BcelWeaver.java:1700)
	at org.aspectj.weaver.bcel.BcelWeaver.weaveWithoutDump(BcelWeaver.java:1644)
	at org.aspectj.weaver.bcel.BcelWeaver.weaveAndNotify(BcelWeaver.java:1409)
	at org.aspectj.weaver.bcel.BcelWeaver.weave(BcelWeaver.java:1191)
	at org.aspectj.weaver.tools.WeavingAdaptor.getWovenBytes(WeavingAdaptor.java:527)
	at org.aspectj.weaver.tools.WeavingAdaptor.weaveClass(WeavingAdaptor.java:363)
	at org.aspectj.weaver.loadtime.Aj.preProcess(Aj.java:121)
	at org.aspectj.weaver.loadtime.ClassPreProcessorAgentAdapter.transform(ClassPreProcessorAgentAdapter.java:54)
	at sun.instrument.TransformerManager.transform(TransformerManager.java:188)
	at sun.instrument.InstrumentationImpl.transform(InstrumentationImpl.java:428)
	at java.lang.ClassLoader.defineClass1(Native Method)
	at java.lang.ClassLoader.defineClass(ClassLoader.java:763)
	at java.security.SecureClassLoader.defineClass(SecureClassLoader.java:142)
	at java.net.URLClassLoader.defineClass(URLClassLoader.java:467)
	at java.net.URLClassLoader.access$100(URLClassLoader.java:73)
	at java.net.URLClassLoader$1.run(URLClassLoader.java:368)
	at java.net.URLClassLoader$1.run(URLClassLoader.java:362)

Jan 31, 2018 12:41:29 PM org.aspectj.weaver.tools.Jdk14Trace info
INFO: Dumping to D:\Project\EducationProgect\.\ajcore.20180131.124129.577.txt
Jan 31, 2018 12:41:29 PM org.aspectj.weaver.tools.Jdk14Trace info
INFO: Dumping to D:\Project\EducationProgect\.\ajcore.20180131.124129.662.txt
]]></system-err>
  </testcase>
  <testcase name="getPets" classname="simpleTests.PetTests" time="10.685"/>
  <testcase name="simplePet" classname="simpleTests.PetTests" time="1.95"/>
  <testcase name="updatePet" classname="simpleTests.PetTests" time="2.238"/>
  <testcase name="updatePetStatus" classname="simpleTests.PetTests" time="2.518"/>
  <testcase name="uploadPetPhoto" classname="simpleTests.PetTests" time="2.689"/>
  <testcase name="checkInventory" classname="simpleTests.StoreTest" time="0.699"/>
  <testcase name="createOrder" classname="simpleTests.StoreTest" time="1.769"/>
  <testcase name="createNewUsersWithArray" classname="simpleTests.UsersTest" time="5.786"/>
  <testcase name="createNewUsersWithList" classname="simpleTests.UsersTest" time="6.066"/>
  <testcase name="login" classname="simpleTests.UserTests" time="3.201"/>
  <testcase name="simpleUser" classname="simpleTests.UserTests" time="2.467"/>
  <testcase name="updateUser" classname="simpleTests.UserTests" time="3.884"/>
</testsuite>